<?xml version="1.0" encoding="UTF-8"?>
<testsuite xmlns:xsi="http://www.w3.org/2001/XMLSchema-instance" xsi:schemaLocation="https://maven.apache.org/surefire/maven-surefire-plugin/xsd/surefire-test-report.xsd" name="TestSuite" time="226.653" tests="45" errors="0" skipped="0" failures="3">
  <properties>
[...]
</properties>
  <testcase name="validateFileDownload" classname="scripts._16_TGFileDownload" time="0.035"/>
  <testcase name="validateEachCell" classname="scripts._17_TGStaticTableTest" time="0.187"/>
  <testcase name="validateFirstRow" classname="scripts._17_TGStaticTableTest" time="0.03"/>
  <testcase name="validateLastColumn" classname="scripts._17_TGStaticTableTest" time="0.032"/>
  <testcase name="validateNavigation" classname="scripts._01_GoogleTest" time="10.345"/>
  <testcase name="validateSearchButton" classname="scripts._01_GoogleTest" time="0.066"/>
  <testcase name="validateTableHeader" classname="scripts._17_TGStaticTableTest" time="0.029"/>
  <testcase name="validateSortAscByQuantity" classname="scripts._18_TGSortableTableTest" time="2.075"/>
  <testcase name="validateTheAddressInputBox" classname="scripts._01_ProjectTest" time="0.088"/>
  <testcase name="validateTheEmailInputBox" classname="scripts._01_ProjectTest" time="0.075"/>
  <testcase name="validateThePhoneInputBox" classname="scripts._01_ProjectTest" time="0.067"/>
  <testcase name="validateTheMessageTextArea" classname="scripts._01_ProjectTest" time="0.068"/>
  <testcase name="validateTheSubmitButton" classname="scripts._01_ProjectTest" time="0.044"/>
  <testcase name="validateTheFormSubmission" classname="scripts._01_ProjectTest" time="0.42"/>
  <testcase name="validateTitleAndURL" classname="scripts._02_AppleTest_" time="0.004"/>
  <testcase name="validateKiwiParagraph" classname="scripts._03_TGLocatorsTest" time="0.035"/>
  <testcase name="validateOrangeParagraph" classname="scripts._03_TGLocatorsTest" time="0.097"/>
  <testcase name="validateGrapesParagraph" classname="scripts._03_TGLocatorsTest" time="0.037"/>
  <testcase name="validateRedAppleLink" classname="scripts._03_TGLocatorsTest" time="0.046"/>
  <testcase name="validateAllLinks" classname="scripts._03_TGLocatorsTest" time="0.118"/>
  <testcase name="validateLanguages" classname="scripts._04_TGLocatorsTest" time="0.069"/>
  <testcase name="validateListHeaders" classname="scripts._04_TGLocatorsTest" time="0"/>
  <testcase name="validateTheHeader" classname="scripts._04_TGLocatorsTest" time="32.053">
    <failure message="no such element: Unable to locate element: {&quot;method&quot;:&quot;css selector&quot;,&quot;selector&quot;:&quot;#card\-2&quot;}&#10;  (Session info: chrome=113.0.5672.129)&#10;For documentation on this error, please visit: https://www.seleniumhq.org/exceptions/no_such_element.html&#10;Build info: version: &apos;3.141.59&apos;, revision: &apos;e82be7d358&apos;, time: &apos;2018-11-14T08:17:03&apos;&#10;System info: host: &apos;DESKTOP-GSM8J5H&apos;, ip: &apos;192.168.86.25&apos;, os.name: &apos;Windows 10&apos;, os.arch: &apos;amd64&apos;, os.version: &apos;10.0&apos;, java.version: &apos;1.8.0_341&apos;&#10;Driver info: org.openqa.selenium.chrome.ChromeDriver&#10;Capabilities {acceptInsecureCerts: false, browserName: chrome, browserVersion: 113.0.5672.129, chrome: {chromedriverVersion: 113.0.5672.63 (0e1a4471d5ae..., userDataDir: C:\Users\Youse\AppData\Loca...}, goog:chromeOptions: {debuggerAddress: localhost:64259}, javascriptEnabled: true, networkConnectionEnabled: false, pageLoadStrategy: normal, platform: WINDOWS, platformName: WINDOWS, proxy: Proxy(), setWindowRect: true, strictFileInteractability: false, timeouts: {implicit: 0, pageLoad: 300000, script: 30000}, unhandledPromptBehavior: dismiss and notify, webauthn:extension:credBlob: true, webauthn:extension:largeBlob: true, webauthn:extension:minPinLength: true, webauthn:extension:prf: true, webauthn:virtualAuthenticators: true}&#10;Session ID: 04bba612dcb84832ca89658ced4718c2&#10;*** Element info: {Using=id, value=card-2}" type="org.openqa.selenium.NoSuchElementException">org.openqa.selenium.NoSuchElementException: 
no such element: Unable to locate element: {"method":"css selector","selector":"#card\-2"}
  (Session info: chrome=113.0.5672.129)
For documentation on this error, please visit: https://www.seleniumhq.org/exceptions/no_such_element.html
Build info: version: '3.141.59', revision: 'e82be7d358', time: '2018-11-14T08:17:03'
System info: host: 'DESKTOP-GSM8J5H', ip: '192.168.86.25', os.name: 'Windows 10', os.arch: 'amd64', os.version: '10.0', java.version: '1.8.0_341'
Driver info: org.openqa.selenium.chrome.ChromeDriver
Capabilities {acceptInsecureCerts: false, browserName: chrome, browserVersion: 113.0.5672.129, chrome: {chromedriverVersion: 113.0.5672.63 (0e1a4471d5ae..., userDataDir: C:\Users\Youse\AppData\Loca...}, goog:chromeOptions: {debuggerAddress: localhost:64259}, javascriptEnabled: true, networkConnectionEnabled: false, pageLoadStrategy: normal, platform: WINDOWS, platformName: WINDOWS, proxy: Proxy(), setWindowRect: true, strictFileInteractability: false, timeouts: {implicit: 0, pageLoad: 300000, script: 30000}, unhandledPromptBehavior: dismiss and notify, webauthn:extension:credBlob: true, webauthn:extension:largeBlob: true, webauthn:extension:minPinLength: true, webauthn:extension:prf: true, webauthn:virtualAuthenticators: true}
Session ID: 04bba612dcb84832ca89658ced4718c2
*** Element info: {Using=id, value=card-2}
	at scripts._04_TGLocatorsTest.validateTheHeader(_04_TGLocatorsTest.java:25)
</failure>
    <system-err><![CDATA[Starting ChromeDriver 113.0.5672.63 (0e1a4471d5ae5bf128b1bd8f4d627c8cbd55f70c-refs/branch-heads/5672@{#912}) on port 33659
Only local connections are allowed.
Please see https://chromedriver.chromium.org/security-considerations for suggestions on keeping ChromeDriver safe.
ChromeDriver was started successfully.
Jun 05, 2023 8:51:42 PM org.openqa.selenium.remote.ProtocolHandshake createSession
INFO: Detected dialect: W3C
]]></system-err>
  </testcase>
  <testcase name="validateFacebookInvalidLoginAttempt" classname="scripts._05_FacebookTest" time="0.807">
    <failure message="expected [The email you entered isn&apos;t connected to an account. Find your account and log in.] but found [The email you entered isn’t connected to an account. Find your account and log in.]" type="java.lang.AssertionError">java.lang.AssertionError: expected [The email you entered isn't connected to an account. Find your account and log in.] but found [The email you entered isn’t connected to an account. Find your account and log in.]
	at scripts._05_FacebookTest.validateFacebookInvalidLoginAttempt(_05_FacebookTest.java:78)
</failure>
    <system-err><![CDATA[Starting ChromeDriver 113.0.5672.63 (0e1a4471d5ae5bf128b1bd8f4d627c8cbd55f70c-refs/branch-heads/5672@{#912}) on port 18880
Only local connections are allowed.
Please see https://chromedriver.chromium.org/security-considerations for suggestions on keeping ChromeDriver safe.
ChromeDriver was started successfully.
Jun 05, 2023 8:52:17 PM org.openqa.selenium.remote.ProtocolHandshake createSession
INFO: Detected dialect: W3C
]]></system-err>
  </testcase>
  <testcase name="validateWikiSearch2" classname="scripts._06_WikiTest" time="0.402"/>
  <testcase name="validateDynamicElementBox1" classname="scripts._07_TGDynamicElementsTest" time="0.032"/>
  <testcase name="validateDynamicElementBox2" classname="scripts._07_TGDynamicElementsTest" time="0.034"/>
  <testcase name="validateDynamicElementBoxes" classname="scripts._07_TGDynamicElementsTest" time="0.046"/>
  <testcase name="waitForBlueBox" classname="scripts._08_TGWaitsTest" time="30.084">
    <failure message="no such element: Unable to locate element: {&quot;method&quot;:&quot;css selector&quot;,&quot;selector&quot;:&quot;button[class*=&apos;blue_box&apos;]&quot;}&#10;  (Session info: chrome=113.0.5672.129)&#10;For documentation on this error, please visit: https://www.seleniumhq.org/exceptions/no_such_element.html&#10;Build info: version: &apos;3.141.59&apos;, revision: &apos;e82be7d358&apos;, time: &apos;2018-11-14T08:17:03&apos;&#10;System info: host: &apos;DESKTOP-GSM8J5H&apos;, ip: &apos;192.168.86.25&apos;, os.name: &apos;Windows 10&apos;, os.arch: &apos;amd64&apos;, os.version: &apos;10.0&apos;, java.version: &apos;1.8.0_341&apos;&#10;Driver info: org.openqa.selenium.chrome.ChromeDriver&#10;Capabilities {acceptInsecureCerts: false, browserName: chrome, browserVersion: 113.0.5672.129, chrome: {chromedriverVersion: 113.0.5672.63 (0e1a4471d5ae..., userDataDir: C:\Users\Youse\AppData\Loca...}, goog:chromeOptions: {debuggerAddress: localhost:64374}, javascriptEnabled: true, networkConnectionEnabled: false, pageLoadStrategy: normal, platform: WINDOWS, platformName: WINDOWS, proxy: Proxy(), setWindowRect: true, strictFileInteractability: false, timeouts: {implicit: 0, pageLoad: 300000, script: 30000}, unhandledPromptBehavior: dismiss and notify, webauthn:extension:credBlob: true, webauthn:extension:largeBlob: true, webauthn:extension:minPinLength: true, webauthn:extension:prf: true, webauthn:virtualAuthenticators: true}&#10;Session ID: eb94e3f46ff4eb56999af01fa9740f0e&#10;*** Element info: {Using=css selector, value=button[class*=&apos;blue_box&apos;]}" type="org.openqa.selenium.NoSuchElementException">org.openqa.selenium.NoSuchElementException: 
no such element: Unable to locate element: {"method":"css selector","selector":"button[class*='blue_box']"}
  (Session info: chrome=113.0.5672.129)
For documentation on this error, please visit: https://www.seleniumhq.org/exceptions/no_such_element.html
Build info: version: '3.141.59', revision: 'e82be7d358', time: '2018-11-14T08:17:03'
System info: host: 'DESKTOP-GSM8J5H', ip: '192.168.86.25', os.name: 'Windows 10', os.arch: 'amd64', os.version: '10.0', java.version: '1.8.0_341'
Driver info: org.openqa.selenium.chrome.ChromeDriver
Capabilities {acceptInsecureCerts: false, browserName: chrome, browserVersion: 113.0.5672.129, chrome: {chromedriverVersion: 113.0.5672.63 (0e1a4471d5ae..., userDataDir: C:\Users\Youse\AppData\Loca...}, goog:chromeOptions: {debuggerAddress: localhost:64374}, javascriptEnabled: true, networkConnectionEnabled: false, pageLoadStrategy: normal, platform: WINDOWS, platformName: WINDOWS, proxy: Proxy(), setWindowRect: true, strictFileInteractability: false, timeouts: {implicit: 0, pageLoad: 300000, script: 30000}, unhandledPromptBehavior: dismiss and notify, webauthn:extension:credBlob: true, webauthn:extension:largeBlob: true, webauthn:extension:minPinLength: true, webauthn:extension:prf: true, webauthn:virtualAuthenticators: true}
Session ID: eb94e3f46ff4eb56999af01fa9740f0e
*** Element info: {Using=css selector, value=button[class*='blue_box']}
	at scripts._08_TGWaitsTest.waitForBlueBox(_08_TGWaitsTest.java:48)
</failure>
    <system-err><![CDATA[Starting ChromeDriver 113.0.5672.63 (0e1a4471d5ae5bf128b1bd8f4d627c8cbd55f70c-refs/branch-heads/5672@{#912}) on port 33654
Only local connections are allowed.
Please see https://chromedriver.chromium.org/security-considerations for suggestions on keeping ChromeDriver safe.
ChromeDriver was started successfully.
Jun 05, 2023 8:52:30 PM org.openqa.selenium.remote.ProtocolHandshake createSession
INFO: Detected dialect: W3C
]]></system-err>
  </testcase>
  <testcase name="waitForRedBox" classname="scripts._08_TGWaitsTest" time="10.097"/>
  <testcase name="checkboxTest" classname="scripts._09_TGCheckboxTest" time="0.128"/>
  <testcase name="radioButtonsTest" classname="scripts._10_TGRadioButtonTest" time="0.153"/>
  <testcase name="validatePracticeMore" classname="scripts._10_TGRadioButtonTest" time="0.17"/>
  <testcase name="dropdownTestCase" classname="scripts._11_TGDropdownsTest" time="0.297"/>
  <testcase name="productColorTest" classname="scripts._11_TGDropdownsTest" time="0.116"/>
  <testcase name="productDeliveryTest" classname="scripts._11_TGDropdownsTest" time="4.105"/>
  <testcase name="productDropdownTest" classname="scripts._11_TGDropdownsTest" time="0.067"/>
  <testcase name="confirmationAlert" classname="scripts._12_TGAlertsTest" time="0.106"/>
  <testcase name="warningAlert" classname="scripts._12_TGAlertsTest" time="0.078"/>
  <testcase name="validateTheParagraph" classname="scripts._13_IFrameTest" time="0.181"/>
  <testcase name="validateTheFormSubmission" classname="scripts._13_IFrameTest" time="0.372"/>
  <testcase name="validateTheAppleNavigation" classname="scripts._14_MultipleWindowsTest" time="1.029"/>
  <testcase name="validateTheMicrosoftNavigation" classname="scripts._14_MultipleWindowsTest" time="1.866"/>
  <testcase name="validateTheTeslaNavigation" classname="scripts._14_MultipleWindowsTest" time="2.776"/>
  <testcase name="validateTheLinkURLs" classname="scripts._14_MultipleWindowsTest" time="10.17"/>
</testsuite>